<?xml version="1.0" encoding="UTF-8"?>
<!-- Generated by org.testng.reporters.JUnitReportReporter -->
<testsuite skipped="0" hostname="BDC4-D-1SV8N62" name="seleniumday1.TestReadExcel1" tests="1" failures="0" timestamp="08 Feb 2019 05:07:37 GMT" time="2.405" errors="0">
  <testcase name="testReadExcel" time="2.405" classname="seleniumday1.TestReadExcel1"/>
</testsuite> <!-- seleniumday1.TestReadExcel1 -->
