<?xml version="1.0" encoding="UTF-8"?>
<!-- Generated by org.testng.reporters.JUnitReportReporter -->
<testsuite skipped="0" hostname="BDC4-D-1SV8N62" name="seleniumday1.TestAjax1" tests="1" failures="0" timestamp="08 Feb 2019 09:27:20 GMT" time="24.340" errors="0">
  <testcase name="testAjaxFeature" time="24.340" classname="seleniumday1.TestAjax1"/>
</testsuite> <!-- seleniumday1.TestAjax1 -->
