<?xml version="1.0" encoding="UTF-8"?>
<!-- Generated by org.testng.reporters.JUnitReportReporter -->
<testsuite skipped="0" hostname="BDC4-D-1SV8N62" name="seleniumday1.TestCity1" tests="1" failures="0" timestamp="08 Feb 2019 09:24:33 GMT" time="30.478" errors="0">
  <testcase name="testcities" time="30.478" classname="seleniumday1.TestCity1"/>
</testsuite> <!-- seleniumday1.TestCity1 -->
